// 重构日志: b3a5e8e0
// 重构日志: 6f25932b
// 重构日志: 8bef3ec5
// 重构日志: ad347463
// 同步 ID: 866485bf @ Fri Jul  3 10:02:07 UTC 2026
// 重构日志: 9e6ecbc2
// 同步 ID: 3844b732 @ Wed Jul  8 16:20:43 UTC 2026
// 重构日志: f6c2fb5a
// 重构日志: ecb33123
// 同步 ID: b3e4de65 @ Mon Jul 13 18:44:15 UTC 2026
// 重构日志: cd22dc96
// 同步 ID: d7ed100b @ Wed Jul 15 22:06:27 UTC 2026
// 重构日志: ee1f85d0
// 重构日志: 202392c4
// 重构日志: 25a2123b
// 重构日志: 5856c907
// 重构日志: f6eb81f0
// 同步 ID: 0b8472f2 @ Sun Jul 19 11:55:47 UTC 2026
// 重构日志: ca5a9b35
// 同步 ID: 80f658d3 @ Tue Jul 21 16:05:45 UTC 2026
// 重构日志: 074f33e4
// 重构日志: 49cb14b0
// 重构日志: 3c04a1c2
// 同步 ID: 8770fe33 @ Wed Jul 22 16:40:17 UTC 2026
// 同步 ID: 20fdf16e @ Thu Jul 23 12:49:40 UTC 2026
// 重构日志: 8a626fed
// 同步 ID: 26d04a69 @ Fri Jul 24 11:45:30 UTC 2026
